
	at org.junit.runners.ParentRunner$1.schedule(ParentRunner.java:63) [junit-4.11.jar:na]
	at org.junit.runners.ParentRunner.runChildren(ParentRunner.java:236) [junit-4.11.jar:na]
	at org.junit.runners.ParentRunner.access$000(ParentRunner.java:53) [junit-4.11.jar:na]
	at org.junit.runners.ParentRunner$2.evaluate(ParentRunner.java:229) [junit-4.11.jar:na]
	at org.junit.runners.ParentRunner.run(ParentRunner.java:309) [junit-4.11.jar:na]
	at org.junit.runner.JUnitCore.run(JUnitCore.java:160) [junit-4.11.jar:na]
	at com.intellij.junit4.JUnit4IdeaTestRunner.startRunnerWithArgs(JUnit4IdeaTestRunner.java:69) [junit-rt.jar:na]
	at com.intellij.rt.execution.junit.JUnitStarter.prepareStreamsAndStart(JUnitStarter.java:234) [junit-rt.jar:na]
	at com.intellij.rt.execution.junit.JUnitStarter.main(JUnitStarter.java:74) [junit-rt.jar:na]
	at sun.reflect.NativeMethodAccessorImpl.invoke0(Native Method) ~[na:1.8.0_71]
	at sun.reflect.NativeMethodAccessorImpl.invoke(NativeMethodAccessorImpl.java:62) ~[na:1.8.0_71]
	at sun.reflect.DelegatingMethodAccessorImpl.invoke(DelegatingMethodAccessorImpl.java:43) ~[na:1.8.0_71]
	at java.lang.reflect.Method.invoke(Method.java:497) ~[na:1.8.0_71]
	at com.intellij.rt.execution.application.AppMain.main(AppMain.java:144) [idea_rt.jar:na]
Caused by: org.postgresql.util.PSQLException: ERROR: relation "post_comment_vote" does not exist
	at org.postgresql.core.v3.QueryExecutorImpl.receiveErrorResponse(QueryExecutorImpl.java:2182) ~[postgresql-9.4-1202-jdbc41.jar:9.4]
	at org.postgresql.core.v3.QueryExecutorImpl.processResults(QueryExecutorImpl.java:1911) ~[postgresql-9.4-1202-jdbc41.jar:9.4]
	at org.postgresql.core.v3.QueryExecutorImpl.execute(QueryExecutorImpl.java:173) ~[postgresql-9.4-1202-jdbc41.jar:9.4]
	at org.postgresql.jdbc2.AbstractJdbc2Statement.execute(AbstractJdbc2Statement.java:615) ~[postgresql-9.4-1202-jdbc41.jar:9.4]
	at org.postgresql.jdbc2.AbstractJdbc2Statement.executeWithFlags(AbstractJdbc2Statement.java:451) ~[postgresql-9.4-1202-jdbc41.jar:9.4]
	at org.postgresql.jdbc2.AbstractJdbc2Statement.execute(AbstractJdbc2Statement.java:443) ~[postgresql-9.4-1202-jdbc41.jar:9.4]
	at sun.reflect.GeneratedMethodAccessor2.invoke(Unknown Source) ~[na:na]
	at sun.reflect.DelegatingMethodAccessorImpl.invoke(DelegatingMethodAccessorImpl.java:43) ~[na:1.8.0_71]
	at java.lang.reflect.Method.invoke(Method.java:497) ~[na:1.8.0_71]
	at net.ttddyy.dsproxy.proxy.StatementProxyLogic.invoke(StatementProxyLogic.java:147) ~[datasource-proxy-1.3.3.jar:na]
	at net.ttddyy.dsproxy.proxy.jdk.StatementInvocationHandler.invoke(StatementInvocationHandler.java:33) ~[datasource-proxy-1.3.3.jar:na]
	at com.sun.proxy.$Proxy24.execute(Unknown Source) ~[na:na]
	at org.hibernate.tool.schema.internal.exec.GenerationTargetToDatabase.accept(GenerationTargetToDatabase.java:51) ~[hibernate-core-5.1.0.Final.jar:5.1.0.Final]
	... 50 common frames omitted
WARN  [Alice]: o.h.e.j.s.SqlExceptionHelper - SQL Warning Code: 0, SQLState: 00000
WARN  [Alice]: o.h.e.j.s.SqlExceptionHelper - table "forum_user" does not exist, skipping
WARN  [Alice]: o.h.e.j.s.SqlExceptionHelper - SQL Warning Code: 0, SQLState: 00000
WARN  [Alice]: o.h.e.j.s.SqlExceptionHelper - table "post" does not exist, skipping
WARN  [Alice]: o.h.e.j.s.SqlExceptionHelper - SQL Warning Code: 0, SQLState: 00000
WARN  [Alice]: o.h.e.j.s.SqlExceptionHelper - table "post_comment" does not exist, skipping
WARN  [Alice]: o.h.e.j.s.SqlExceptionHelper - SQL Warning Code: 0, SQLState: 00000
WARN  [Alice]: o.h.e.j.s.SqlExceptionHelper - table "post_comment_vote" does not exist, skipping
WARN  [Alice]: o.h.t.s.i.ExceptionHandlerLoggedImpl - GenerationTarget encountered exception accepting command : Unable to execute command [drop sequence hibernate_sequence]
org.hibernate.tool.schema.spi.CommandAcceptanceException: Unable to execute command [drop sequence hibernate_sequence]
	at org.hibernate.tool.schema.internal.exec.GenerationTargetToDatabase.accept(GenerationTargetToDatabase.java:63) ~[hibernate-core-5.1.0.Final.jar:5.1.0.Final]
	at org.hibernate.tool.schema.internal.SchemaDropperImpl.applySqlString(SchemaDropperImpl.java:370) [hibernate-core-5.1.0.Final.jar:5.1.0.Final]
	at org.hibernate.tool.schema.internal.SchemaDropperImpl.applySqlStrings(SchemaDropperImpl.java:355) [hibernate-core-5.1.0.Final.jar:5.1.0.Final]
	at org.hibernate.tool.schema.internal.SchemaDropperImpl.dropFromMetadata(SchemaDropperImpl.java:245) [hibernate-core-5.1.0.Final.jar:5.1.0.Final]
	at org.hibernate.tool.schema.internal.SchemaDropperImpl.performDrop(SchemaDropperImpl.java:153) [hibernate-core-5.1.0.Final.jar:5.1.0.Final]
	at org.hibernate.tool.schema.internal.SchemaDropperImpl.doDrop(SchemaDropperImpl.java:125) [hibernate-core-5.1.0.Final.jar:5.1.0.Final]
	at org.hibernate.tool.schema.internal.SchemaDropperImpl.doDrop(SchemaDropperImpl.java:111) [hibernate-core-5.1.0.Final.jar:5.1.0.Final]
	at org.hibernate.tool.schema.spi.SchemaManagementToolCoordinator.performDatabaseAction(SchemaManagementToolCoordinator.java:137) [hibernate-core-5.1.0.Final.jar:5.1.0.Final]
	at org.hibernate.tool.schema.spi.SchemaManagementToolCoordinator.process(SchemaManagementToolCoordinator.java:64) [hibernate-core-5.1.0.Final.jar:5.1.0.Final]
	at org.hibernate.internal.SessionFactoryImpl.<init>(SessionFactoryImpl.java:458) [hibernate-core-5.1.0.Final.jar:5.1.0.Final]
	at org.hibernate.boot.internal.SessionFactoryBuilderImpl.build(SessionFactoryBuilderImpl.java:465) [hibernate-core-5.1.0.Final.jar:5.1.0.Final]
	at org.hibernate.jpa.boot.internal.EntityManagerFactoryBuilderImpl.build(EntityManagerFactoryBuilderImpl.java:881) [hibernate-entitymanager-5.1.0.Final.jar:5.1.0.Final]
	at com.vladmihalcea.book.hpjp.util.AbstractTest.newEntityManagerFactory(AbstractTest.java:742) [test-classes/:na]
	at com.vladmihalcea.book.hpjp.util.AbstractTest.init(AbstractTest.java:651) [test-classes/:na]
	at com.vladmihalcea.book.hpjp.hibernate.query.recursive.AbstractPostCommentScorePerformanceTest.init(AbstractPostCommentScorePerformanceTest.java:72) [test-classes/:na]
	at sun.reflect.NativeMethodAccessorImpl.invoke0(Native Method) ~[na:1.8.0_71]
	at sun.reflect.NativeMethodAccessorImpl.invoke(NativeMethodAccessorImpl.java:62) ~[na:1.8.0_71]
	at sun.reflect.DelegatingMethodAccessorImpl.invoke(DelegatingMethodAccessorImpl.java:43) ~[na:1.8.0_71]
	at java.lang.reflect.Method.invoke(Method.java:497) ~[na:1.8.0_71]
	at org.junit.runners.model.FrameworkMethod$1.runReflectiveCall(FrameworkMethod.java:47) [junit-4.11.jar:na]
	at org.junit.internal.runners.model.ReflectiveCallable.run(ReflectiveCallable.java:12) [junit-4.11.jar:na]
	at org.junit.runners.model.FrameworkMethod.invokeExplosively(FrameworkMethod.java:44) [junit-4.11.jar:na]
	at org.junit.internal.runners.statements.RunBefores.evaluate(RunBefores.java:24) [junit-4.11.jar:na]
	at org.junit.internal.runners.statements.RunAfters.evaluate(RunAfters.java:27) [junit-4.11.jar:na]
	at org.junit.runners.ParentRunner.runLeaf(ParentRunner.java:271) [junit-4.11.jar:na]
	at org.junit.runners.BlockJUnit4ClassRunner.runChild(BlockJUnit4ClassRunner.java:70) [junit-4.11.jar:na]
	at org.junit.runners.BlockJUnit4ClassRunner.runChild(BlockJUnit4ClassRunner.java:50) [junit-4.11.jar:na]
	at org.junit.runners.ParentRunner$3.run(ParentRunner.java:238) [junit-4.11.jar:na]
	at org.junit.runners.ParentRunner$1.schedule(ParentRunner.java:63) [junit-4.11.jar:na]
	at org.junit.runners.ParentRunner.runChildren(ParentRunner.java:236) [junit-4.11.jar:na]
	at org.junit.runners.ParentRunner.access$000(ParentRunner.java:53) [junit-4.11.jar:na]
	at org.junit.runners.ParentRunner$2.evaluate(ParentRunner.java:229) [junit-4.11.jar:na]
	at org.junit.runners.ParentRunner.run(ParentRunner.java:309) [junit-4.11.jar:na]
	at org.junit.runners.Suite.runChild(Suite.java:127) [junit-4.11.jar:na]
	at org.junit.runners.Suite.runChild(Suite.java:26) [junit-4.11.jar:na]
	at org.junit.runners.ParentRunner$3.run(ParentRunner.java:238) [junit-4.11.jar:na]
	at org.junit.runners.ParentRunner$1.schedule(ParentRunner.java:63) [junit-4.11.jar:na]
	at org.junit.runners.ParentRunner.runChildren(ParentRunner.java:236) [junit-4.11.jar:na]
	at org.junit.runners.ParentRunner.access$000(ParentRunner.java:53) [junit-4.11.jar:na]
	at org.junit.runners.ParentRunner$2.evaluate(ParentRunner.java:229) [junit-4.11.jar:na]
	at org.junit.runners.ParentRunner.run(ParentRunner.java:309) [junit-4.11.jar:na]
	at org.junit.runner.JUnitCore.run(JUnitCore.java:160) [junit-4.11.jar:na]
	at com.intellij.junit4.JUnit4IdeaTestRunner.startRunnerWithArgs(JUnit4IdeaTestRunner.java:69) [junit-rt.jar:na]
	at com.intellij.rt.execution.junit.JUnitStarter.prepareStreamsAndStart(JUnitStarter.java:234) [junit-rt.jar:na]
	at com.intellij.rt.execution.junit.JUnitStarter.main(JUnitStarter.java:74) [junit-rt.jar:na]
	at sun.reflect.NativeMethodAccessorImpl.invoke0(Native Method) ~[na:1.8.0_71]
	at sun.reflect.NativeMethodAccessorImpl.invoke(NativeMethodAccessorImpl.java:62) ~[na:1.8.0_71]
	at sun.reflect.DelegatingMethodAccessorImpl.invoke(DelegatingMethodAccessorImpl.java:43) ~[na:1.8.0_71]
	at java.lang.reflect.Method.invoke(Method.java:497) ~[na:1.8.0_71]
	at com.intellij.rt.execution.application.AppMain.main(AppMain.java:144) [idea_rt.jar:na]
Caused by: org.postgresql.util.PSQLException: ERROR: sequence "hibernate_sequence" does not exist
	at org.postgresql.core.v3.QueryExecutorImpl.receiveErrorResponse(QueryExecutorImpl.java:2182) ~[postgresql-9.4-1202-jdbc41.jar:9.4]
	at org.postgresql.core.v3.QueryExecutorImpl.processResults(QueryExecutorImpl.java:1911) ~[postgresql-9.4-1202-jdbc41.jar:9.4]
	at org.postgresql.core.v3.QueryExecutorImpl.execute(QueryExecutorImpl.java:173) ~[postgresql-9.4-1202-jdbc41.jar:9.4]
	at org.postgresql.jdbc2.AbstractJdbc2Statement.execute(AbstractJdbc2Statement.java:615) ~[postgresql-9.4-1202-jdbc41.jar:9.4]
	at org.postgresql.jdbc2.AbstractJdbc2Statement.executeWithFlags(AbstractJdbc2Statement.java:451) ~[postgresql-9.4-1202-jdbc41.jar:9.4]
	at org.postgresql.jdbc2.AbstractJdbc2Statement.execute(AbstractJdbc2Statement.java:443) ~[postgresql-9.4-1202-jdbc41.jar:9.4]
	at sun.reflect.GeneratedMethodAccessor2.invoke(Unknown Source) ~[na:na]
	at sun.reflect.DelegatingMethodAccessorImpl.invoke(DelegatingMethodAccessorImpl.java:43) ~[na:1.8.0_71]
	at java.lang.reflect.Method.invoke(Method.java:497) ~[na:1.8.0_71]
	at net.ttddyy.dsproxy.proxy.StatementProxyLogic.invoke(StatementProxyLogic.java:147) ~[datasource-proxy-1.3.3.jar:na]
	at net.ttddyy.dsproxy.proxy.jdk.StatementInvocationHandler.invoke(StatementInvocationHandler.java:33) ~[datasource-proxy-1.3.3.jar:na]
	at com.sun.proxy.$Proxy24.execute(Unknown Source) ~[na:na]
	at org.hibernate.tool.schema.internal.exec.GenerationTargetToDatabase.accept(GenerationTargetToDatabase.java:51) ~[hibernate-core-5.1.0.Final.jar:5.1.0.Final]
	... 49 common frames omitted
INFO  [Alice]: o.h.t.s.i.SchemaCreatorImpl - HHH000476: Executing import script 'org.hibernate.tool.schema.internal.exec.ScriptSourceInputNonExistentImpl@5bb8f9e2'
INFO  [Alice]: c.v.b.h.h.q.r.PostCommentScoreRecursiveCTEPerformanceTest - type=TIMER, name=PostCommentScoreRecursiveCTEPerformanceTest, count=10, min=4.029108, max=5.807598, mean=4.7722803, stddev=0.4667245716032208, median=4.701994, p75=4.9113739999999995, p95=5.807598, p98=5.807598, p99=5.807598, p999=5.807598, mean_rate=6.686894835599447, m1=0.0, m5=0.0, m15=0.0, rate_unit=events/second, duration_unit=milliseconds
INFO  [Alice]: o.h.t.s.i.SchemaDropperImpl$DelayedDropActionImpl - HHH000477: Starting delayed drop of schema as part of SessionFactory shut-down'
